{"/home/muniz/Documentos/Projetos/quizz/src/App.vue": {"path":"/home/muniz/Documentos/Projetos/quizz/src/App.vue","statementMap":{"0":{"start":{"line":8,"column":0},"end":{"line":8,"column":null}},"1":{"start":{"line":13,"column":0},"end":{"line":13,"column":null}},"2":{"start":{"line":14,"column":0},"end":{"line":14,"column":null}}},"fnMap":{"0":{"name":"created","decl":{"start":{"line":12,"column":0},"end":{"line":12,"column":null}},"loc":{"start":{"line":12,"column":0},"end":{"line":15,"column":null}}}},"branchMap":{},"s":{"0":0,"1":0,"2":0},"f":{"0":0},"b":{}}
,"/home/muniz/Documentos/Projetos/quizz/src/boot/firebase.js": {"path":"/home/muniz/Documentos/Projetos/quizz/src/boot/firebase.js","statementMap":{"0":{"start":{"line":5,"column":18},"end":{"line":15,"column":4}},"1":{"start":{"line":16,"column":18},"end":{"line":16,"column":41}},"2":{"start":{"line":17,"column":19},"end":{"line":17,"column":30}}},"fnMap":{},"branchMap":{},"s":{"0":0,"1":0,"2":0},"f":{},"b":{},"hash":"92ed46c1001fcf3d4de81878a8b6503cdf834ed0"}
,"/home/muniz/Documentos/Projetos/quizz/src/boot/rollbar.js": {"path":"/home/muniz/Documentos/Projetos/quizz/src/boot/rollbar.js","statementMap":{},"fnMap":{},"branchMap":{},"s":{},"f":{},"b":{},"hash":"98bc293a2d56426971ab6dee653ed5fc7e524e41"}
,"/home/muniz/Documentos/Projetos/quizz/src/boot/vuefire.js": {"path":"/home/muniz/Documentos/Projetos/quizz/src/boot/vuefire.js","statementMap":{"0":{"start":{"line":3,"column":2},"end":{"line":3,"column":26}}},"fnMap":{"0":{"name":"(anonymous_0)","decl":{"start":{"line":2,"column":15},"end":{"line":2,"column":16}},"loc":{"start":{"line":2,"column":34},"end":{"line":4,"column":1}},"line":2}},"branchMap":{},"s":{"0":0},"f":{"0":0},"b":{},"hash":"aea0b75bc640c31be22a592ef8463b5f6446d316"}
,"/home/muniz/Documentos/Projetos/quizz/src/components/FooterQuestionario.vue": {"path":"/home/muniz/Documentos/Projetos/quizz/src/components/FooterQuestionario.vue","statementMap":{"0":{"start":{"line":54,"column":0},"end":{"line":54,"column":null}},"1":{"start":{"line":55,"column":0},"end":{"line":55,"column":null}},"2":{"start":{"line":56,"column":0},"end":{"line":56,"column":null}},"3":{"start":{"line":58,"column":0},"end":{"line":58,"column":null}},"4":{"start":{"line":66,"column":0},"end":{"line":66,"column":null}},"5":{"start":{"line":69,"column":0},"end":{"line":69,"column":null}},"6":{"start":{"line":72,"column":0},"end":{"line":72,"column":null}},"7":{"start":{"line":75,"column":0},"end":{"line":75,"column":null}},"8":{"start":{"line":84,"column":0},"end":{"line":84,"column":null}},"9":{"start":{"line":87,"column":0},"end":{"line":87,"column":null}},"10":{"start":{"line":88,"column":0},"end":{"line":90,"column":null}},"11":{"start":{"line":89,"column":0},"end":{"line":89,"column":null}},"12":{"start":{"line":92,"column":0},"end":{"line":92,"column":null}},"13":{"start":{"line":93,"column":0},"end":{"line":105,"column":null}},"14":{"start":{"line":99,"column":0},"end":{"line":99,"column":null}},"15":{"start":{"line":103,"column":0},"end":{"line":103,"column":null}},"16":{"start":{"line":104,"column":0},"end":{"line":104,"column":null}}},"fnMap":{"0":{"name":"data","decl":{"start":{"line":58,"column":0},"end":{"line":58,"column":null}},"loc":{"start":{"line":58,"column":0},"end":{"line":58,"column":null}}},"1":{"name":"currentIndex","decl":{"start":{"line":65,"column":0},"end":{"line":65,"column":null}},"loc":{"start":{"line":65,"column":0},"end":{"line":67,"column":null}}},"2":{"name":"qtdQuestoes","decl":{"start":{"line":68,"column":0},"end":{"line":68,"column":null}},"loc":{"start":{"line":68,"column":0},"end":{"line":70,"column":null}}},"3":{"name":"nivel","decl":{"start":{"line":71,"column":0},"end":{"line":71,"column":null}},"loc":{"start":{"line":71,"column":0},"end":{"line":73,"column":null}}},"4":{"name":"cronometro","decl":{"start":{"line":74,"column":0},"end":{"line":74,"column":null}},"loc":{"start":{"line":74,"column":0},"end":{"line":76,"column":null}}},"5":{"name":"run","decl":{"start":{"line":83,"column":0},"end":{"line":83,"column":null}},"loc":{"start":{"line":83,"column":0},"end":{"line":85,"column":null}}},"6":{"name":"changePage","decl":{"start":{"line":86,"column":0},"end":{"line":86,"column":null}},"loc":{"start":{"line":86,"column":0},"end":{"line":91,"column":null}}},"7":{"name":"getQuestions","decl":{"start":{"line":92,"column":0},"end":{"line":92,"column":null}},"loc":{"start":{"line":92,"column":0},"end":{"line":106,"column":null}}},"8":{"name":"(anonymous_14)","decl":{"start":{"line":93,"column":0},"end":{"line":93,"column":null}},"loc":{"start":{"line":93,"column":0},"end":{"line":105,"column":null}}},"9":{"name":"(anonymous_15)","decl":{"start":{"line":99,"column":0},"end":{"line":99,"column":null}},"loc":{"start":{"line":99,"column":0},"end":{"line":99,"column":null}}}},"branchMap":{"0":{"loc":{"start":{"line":88,"column":0},"end":{"line":90,"column":null}},"type":"if","locations":[{"start":{"line":88,"column":0},"end":{"line":90,"column":null}},{"start":{"line":88,"column":0},"end":{"line":90,"column":null}}]}},"s":{"0":0,"1":0,"2":0,"3":0,"4":0,"5":0,"6":0,"7":0,"8":0,"9":0,"10":0,"11":0,"12":0,"13":0,"14":0,"15":0,"16":0},"f":{"0":0,"1":0,"2":0,"3":0,"4":0,"5":0,"6":0,"7":0,"8":0,"9":0},"b":{"0":[0,0]}}
,"/home/muniz/Documentos/Projetos/quizz/src/components/HeaderQuestionario.vue": {"path":"/home/muniz/Documentos/Projetos/quizz/src/components/HeaderQuestionario.vue","statementMap":{"0":{"start":{"line":18,"column":0},"end":{"line":18,"column":null}},"1":{"start":{"line":26,"column":0},"end":{"line":26,"column":null}}},"fnMap":{"0":{"name":"goHome","decl":{"start":{"line":25,"column":0},"end":{"line":25,"column":null}},"loc":{"start":{"line":25,"column":0},"end":{"line":27,"column":null}}}},"branchMap":{},"s":{"0":0,"1":0},"f":{"0":0},"b":{}}
,"/home/muniz/Documentos/Projetos/quizz/src/components/SearchMenu.vue": {"path":"/home/muniz/Documentos/Projetos/quizz/src/components/SearchMenu.vue","statementMap":{"0":{"start":{"line":26,"column":0},"end":{"line":26,"column":null}},"1":{"start":{"line":32,"column":0},"end":{"line":32,"column":null}},"2":{"start":{"line":37,"column":0},"end":{"line":37,"column":null}}},"fnMap":{"0":{"name":"data","decl":{"start":{"line":26,"column":0},"end":{"line":26,"column":null}},"loc":{"start":{"line":26,"column":0},"end":{"line":26,"column":null}}},"1":{"name":"showing","decl":{"start":{"line":31,"column":0},"end":{"line":31,"column":null}},"loc":{"start":{"line":31,"column":0},"end":{"line":33,"column":null}}},"2":{"name":"beforeHide","decl":{"start":{"line":36,"column":0},"end":{"line":36,"column":null}},"loc":{"start":{"line":36,"column":0},"end":{"line":38,"column":null}}}},"branchMap":{},"s":{"0":0,"1":0,"2":0},"f":{"0":0,"1":0,"2":0},"b":{}}
,"/home/muniz/Documentos/Projetos/quizz/src/components/StopWatch.vue": {"path":"/home/muniz/Documentos/Projetos/quizz/src/components/StopWatch.vue","statementMap":{"0":{"start":{"line":10,"column":0},"end":{"line":10,"column":null}},"1":{"start":{"line":13,"column":0},"end":{"line":13,"column":null}},"2":{"start":{"line":22,"column":0},"end":{"line":25,"column":null}},"3":{"start":{"line":23,"column":0},"end":{"line":23,"column":null}},"4":{"start":{"line":24,"column":0},"end":{"line":24,"column":null}},"5":{"start":{"line":26,"column":0},"end":{"line":26,"column":null}},"6":{"start":{"line":31,"column":0},"end":{"line":33,"column":null}},"7":{"start":{"line":32,"column":0},"end":{"line":32,"column":null}},"8":{"start":{"line":35,"column":0},"end":{"line":37,"column":null}},"9":{"start":{"line":36,"column":0},"end":{"line":36,"column":null}},"10":{"start":{"line":39,"column":0},"end":{"line":39,"column":null}},"11":{"start":{"line":40,"column":0},"end":{"line":40,"column":null}},"12":{"start":{"line":43,"column":0},"end":{"line":43,"column":null}},"13":{"start":{"line":44,"column":0},"end":{"line":44,"column":null}},"14":{"start":{"line":45,"column":0},"end":{"line":45,"column":null}},"15":{"start":{"line":49,"column":0},"end":{"line":49,"column":null}},"16":{"start":{"line":50,"column":0},"end":{"line":50,"column":null}},"17":{"start":{"line":51,"column":0},"end":{"line":51,"column":null}},"18":{"start":{"line":52,"column":0},"end":{"line":52,"column":null}},"19":{"start":{"line":53,"column":0},"end":{"line":53,"column":null}},"20":{"start":{"line":54,"column":0},"end":{"line":54,"column":null}},"21":{"start":{"line":58,"column":0},"end":{"line":58,"column":null}},"22":{"start":{"line":59,"column":0},"end":{"line":59,"column":null}},"23":{"start":{"line":60,"column":0},"end":{"line":60,"column":null}},"24":{"start":{"line":61,"column":0},"end":{"line":61,"column":null}},"25":{"start":{"line":62,"column":0},"end":{"line":62,"column":null}},"26":{"start":{"line":64,"column":0},"end":{"line":64,"column":null}},"27":{"start":{"line":70,"column":0},"end":{"line":70,"column":null}},"28":{"start":{"line":71,"column":0},"end":{"line":73,"column":null}},"29":{"start":{"line":71,"column":0},"end":{"line":71,"column":null}},"30":{"start":{"line":72,"column":0},"end":{"line":72,"column":null}},"31":{"start":{"line":74,"column":0},"end":{"line":74,"column":null}}},"fnMap":{"0":{"name":"_default","decl":{"start":{"line":10,"column":0},"end":{"line":10,"column":null}},"loc":{"start":{"line":10,"column":0},"end":{"line":10,"column":null}}},"1":{"name":"data","decl":{"start":{"line":13,"column":0},"end":{"line":13,"column":null}},"loc":{"start":{"line":13,"column":0},"end":{"line":13,"column":null}}},"2":{"name":"running","decl":{"start":{"line":21,"column":0},"end":{"line":21,"column":null}},"loc":{"start":{"line":21,"column":0},"end":{"line":27,"column":null}}},"3":{"name":"start","decl":{"start":{"line":30,"column":0},"end":{"line":30,"column":null}},"loc":{"start":{"line":30,"column":0},"end":{"line":41,"column":null}}},"4":{"name":"stop","decl":{"start":{"line":42,"column":0},"end":{"line":42,"column":null}},"loc":{"start":{"line":42,"column":0},"end":{"line":46,"column":null}}},"5":{"name":"reset","decl":{"start":{"line":48,"column":0},"end":{"line":48,"column":null}},"loc":{"start":{"line":48,"column":0},"end":{"line":55,"column":null}}},"6":{"name":"clockRunning","decl":{"start":{"line":57,"column":0},"end":{"line":57,"column":null}},"loc":{"start":{"line":57,"column":0},"end":{"line":68,"column":null}}},"7":{"name":"zeroPrefix","decl":{"start":{"line":69,"column":0},"end":{"line":69,"column":null}},"loc":{"start":{"line":69,"column":0},"end":{"line":75,"column":null}}}},"branchMap":{"0":{"loc":{"start":{"line":22,"column":0},"end":{"line":25,"column":null}},"type":"if","locations":[{"start":{"line":22,"column":0},"end":{"line":25,"column":null}},{"start":{"line":22,"column":0},"end":{"line":25,"column":null}}]},"1":{"loc":{"start":{"line":31,"column":0},"end":{"line":33,"column":null}},"type":"if","locations":[{"start":{"line":31,"column":0},"end":{"line":33,"column":null}},{"start":{"line":31,"column":0},"end":{"line":33,"column":null}}]},"2":{"loc":{"start":{"line":35,"column":0},"end":{"line":37,"column":null}},"type":"if","locations":[{"start":{"line":35,"column":0},"end":{"line":37,"column":null}},{"start":{"line":35,"column":0},"end":{"line":37,"column":null}}]}},"s":{"0":0,"1":0,"2":0,"3":0,"4":0,"5":0,"6":0,"7":0,"8":0,"9":0,"10":0,"11":0,"12":0,"13":0,"14":0,"15":0,"16":0,"17":0,"18":0,"19":0,"20":0,"21":0,"22":0,"23":0,"24":0,"25":0,"26":0,"27":0,"28":0,"29":0,"30":0,"31":0},"f":{"0":0,"1":0,"2":0,"3":0,"4":0,"5":0,"6":0,"7":0},"b":{"0":[0,0],"1":[0,0],"2":[0,0]}}
,"/home/muniz/Documentos/Projetos/quizz/src/layouts/AppFooter.vue": {"path":"/home/muniz/Documentos/Projetos/quizz/src/layouts/AppFooter.vue","statementMap":{"0":{"start":{"line":43,"column":0},"end":{"line":43,"column":null}}},"fnMap":{"0":{"name":"data","decl":{"start":{"line":43,"column":0},"end":{"line":43,"column":null}},"loc":{"start":{"line":43,"column":0},"end":{"line":43,"column":null}}}},"branchMap":{},"s":{"0":0},"f":{"0":0},"b":{}}
,"/home/muniz/Documentos/Projetos/quizz/src/layouts/AppHeader.vue": {"path":"/home/muniz/Documentos/Projetos/quizz/src/layouts/AppHeader.vue","statementMap":{"0":{"start":{"line":49,"column":0},"end":{"line":49,"column":null}},"1":{"start":{"line":50,"column":0},"end":{"line":50,"column":null}},"2":{"start":{"line":53,"column":0},"end":{"line":53,"column":null}},"3":{"start":{"line":64,"column":0},"end":{"line":64,"column":null}},"4":{"start":{"line":67,"column":0},"end":{"line":67,"column":null}},"5":{"start":{"line":70,"column":0},"end":{"line":70,"column":null}},"6":{"start":{"line":71,"column":0},"end":{"line":71,"column":null}},"7":{"start":{"line":72,"column":0},"end":{"line":72,"column":null}},"8":{"start":{"line":77,"column":0},"end":{"line":77,"column":null}},"9":{"start":{"line":78,"column":0},"end":{"line":78,"column":null}},"10":{"start":{"line":81,"column":0},"end":{"line":81,"column":null}},"11":{"start":{"line":82,"column":0},"end":{"line":82,"column":null}}},"fnMap":{"0":{"name":"data","decl":{"start":{"line":53,"column":0},"end":{"line":53,"column":null}},"loc":{"start":{"line":53,"column":0},"end":{"line":53,"column":null}}},"1":{"name":"arrowIcon","decl":{"start":{"line":63,"column":0},"end":{"line":63,"column":null}},"loc":{"start":{"line":63,"column":0},"end":{"line":65,"column":null}}},"2":{"name":"searchingIcon","decl":{"start":{"line":66,"column":0},"end":{"line":66,"column":null}},"loc":{"start":{"line":66,"column":0},"end":{"line":68,"column":null}}},"3":{"name":"position","decl":{"start":{"line":69,"column":0},"end":{"line":69,"column":null}},"loc":{"start":{"line":69,"column":0},"end":{"line":73,"column":null}}},"4":{"name":"toggleMenu","decl":{"start":{"line":76,"column":0},"end":{"line":76,"column":null}},"loc":{"start":{"line":76,"column":0},"end":{"line":79,"column":null}}},"5":{"name":"toggleSearch","decl":{"start":{"line":80,"column":0},"end":{"line":80,"column":null}},"loc":{"start":{"line":80,"column":0},"end":{"line":83,"column":null}}}},"branchMap":{"0":{"loc":{"start":{"line":64,"column":0},"end":{"line":64,"column":null}},"type":"cond-expr","locations":[{"start":{"line":64,"column":0},"end":{"line":64,"column":null}},{"start":{"line":64,"column":0},"end":{"line":64,"column":null}}]},"1":{"loc":{"start":{"line":67,"column":0},"end":{"line":67,"column":null}},"type":"cond-expr","locations":[{"start":{"line":67,"column":0},"end":{"line":67,"column":null}},{"start":{"line":67,"column":0},"end":{"line":67,"column":null}}]},"2":{"loc":{"start":{"line":70,"column":0},"end":{"line":70,"column":null}},"type":"if","locations":[{"start":{"line":70,"column":0},"end":{"line":70,"column":null}},{"start":{"line":70,"column":0},"end":{"line":70,"column":null}}]},"3":{"loc":{"start":{"line":71,"column":0},"end":{"line":71,"column":null}},"type":"if","locations":[{"start":{"line":71,"column":0},"end":{"line":71,"column":null}},{"start":{"line":71,"column":0},"end":{"line":71,"column":null}}]}},"s":{"0":0,"1":0,"2":0,"3":0,"4":0,"5":0,"6":0,"7":0,"8":0,"9":0,"10":0,"11":0},"f":{"0":0,"1":0,"2":0,"3":0,"4":0,"5":0},"b":{"0":[0,0],"1":[0,0],"2":[0,0],"3":[0,0]}}
,"/home/muniz/Documentos/Projetos/quizz/src/layouts/AppMenu.vue": {"path":"/home/muniz/Documentos/Projetos/quizz/src/layouts/AppMenu.vue","statementMap":{"0":{"start":{"line":49,"column":0},"end":{"line":49,"column":null}},"1":{"start":{"line":54,"column":0},"end":{"line":54,"column":null}},"2":{"start":{"line":59,"column":0},"end":{"line":59,"column":null}},"3":{"start":{"line":62,"column":0},"end":{"line":62,"column":null}}},"fnMap":{"0":{"name":"data","decl":{"start":{"line":49,"column":0},"end":{"line":49,"column":null}},"loc":{"start":{"line":49,"column":0},"end":{"line":49,"column":null}}},"1":{"name":"showing","decl":{"start":{"line":53,"column":0},"end":{"line":53,"column":null}},"loc":{"start":{"line":53,"column":0},"end":{"line":55,"column":null}}},"2":{"name":"beforeHide","decl":{"start":{"line":58,"column":0},"end":{"line":58,"column":null}},"loc":{"start":{"line":58,"column":0},"end":{"line":60,"column":null}}},"3":{"name":"goMinhaConta","decl":{"start":{"line":61,"column":0},"end":{"line":61,"column":null}},"loc":{"start":{"line":61,"column":0},"end":{"line":63,"column":null}}}},"branchMap":{},"s":{"0":0,"1":0,"2":0,"3":0},"f":{"0":0,"1":0,"2":0,"3":0},"b":{}}
,"/home/muniz/Documentos/Projetos/quizz/src/layouts/Layout.vue": {"path":"/home/muniz/Documentos/Projetos/quizz/src/layouts/Layout.vue","statementMap":{"0":{"start":{"line":48,"column":0},"end":{"line":48,"column":null}},"1":{"start":{"line":49,"column":0},"end":{"line":49,"column":null}},"2":{"start":{"line":50,"column":0},"end":{"line":50,"column":null}},"3":{"start":{"line":51,"column":0},"end":{"line":51,"column":null}},"4":{"start":{"line":59,"column":0},"end":{"line":59,"column":null}}},"fnMap":{"0":{"name":"questionario","decl":{"start":{"line":58,"column":0},"end":{"line":58,"column":null}},"loc":{"start":{"line":58,"column":0},"end":{"line":60,"column":null}}}},"branchMap":{"0":{"loc":{"start":{"line":59,"column":0},"end":{"line":59,"column":null}},"type":"binary-expr","locations":[{"start":{"line":59,"column":0},"end":{"line":59,"column":null}},{"start":{"line":59,"column":0},"end":{"line":59,"column":null}}]}},"s":{"0":0,"1":0,"2":0,"3":0,"4":0},"f":{"0":0},"b":{"0":[0,0]}}
,"/home/muniz/Documentos/Projetos/quizz/src/pages/PageConfiguracao.vue": {"path":"/home/muniz/Documentos/Projetos/quizz/src/pages/PageConfiguracao.vue","statementMap":{"0":{"start":{"line":55,"column":0},"end":{"line":55,"column":null}}},"fnMap":{"0":{"name":"data","decl":{"start":{"line":55,"column":0},"end":{"line":55,"column":null}},"loc":{"start":{"line":55,"column":0},"end":{"line":55,"column":null}}}},"branchMap":{},"s":{"0":0},"f":{"0":0},"b":{}}
,"/home/muniz/Documentos/Projetos/quizz/src/pages/PageHistorico.vue": {"path":"/home/muniz/Documentos/Projetos/quizz/src/pages/PageHistorico.vue","statementMap":{"0":{"start":{"line":45,"column":0},"end":{"line":45,"column":null}},"1":{"start":{"line":48,"column":0},"end":{"line":48,"column":null}},"2":{"start":{"line":54,"column":0},"end":{"line":54,"column":null}},"3":{"start":{"line":55,"column":0},"end":{"line":59,"column":null}},"4":{"start":{"line":55,"column":0},"end":{"line":55,"column":null}},"5":{"start":{"line":57,"column":0},"end":{"line":57,"column":null}},"6":{"start":{"line":59,"column":0},"end":{"line":59,"column":null}},"7":{"start":{"line":65,"column":0},"end":{"line":65,"column":null}},"8":{"start":{"line":68,"column":0},"end":{"line":68,"column":null}},"9":{"start":{"line":71,"column":0},"end":{"line":71,"column":null}}},"fnMap":{"0":{"name":"data","decl":{"start":{"line":48,"column":0},"end":{"line":48,"column":null}},"loc":{"start":{"line":48,"column":0},"end":{"line":48,"column":null}}},"1":{"name":"modulosComRespostas","decl":{"start":{"line":54,"column":0},"end":{"line":54,"column":null}},"loc":{"start":{"line":54,"column":0},"end":{"line":60,"column":null}}},"2":{"name":"(anonymous_8)","decl":{"start":{"line":55,"column":0},"end":{"line":55,"column":null}},"loc":{"start":{"line":55,"column":0},"end":{"line":55,"column":null}}},"3":{"name":"(anonymous_9)","decl":{"start":{"line":57,"column":0},"end":{"line":57,"column":null}},"loc":{"start":{"line":57,"column":0},"end":{"line":57,"column":null}}},"4":{"name":"choose","decl":{"start":{"line":64,"column":0},"end":{"line":64,"column":null}},"loc":{"start":{"line":64,"column":0},"end":{"line":66,"column":null}}},"5":{"name":"filterAcertos","decl":{"start":{"line":67,"column":0},"end":{"line":67,"column":null}},"loc":{"start":{"line":67,"column":0},"end":{"line":69,"column":null}}},"6":{"name":"(anonymous_13)","decl":{"start":{"line":68,"column":0},"end":{"line":68,"column":null}},"loc":{"start":{"line":68,"column":0},"end":{"line":68,"column":null}}},"7":{"name":"getPorcentagemAcertos","decl":{"start":{"line":70,"column":0},"end":{"line":70,"column":null}},"loc":{"start":{"line":70,"column":0},"end":{"line":72,"column":null}}}},"branchMap":{},"s":{"0":0,"1":0,"2":0,"3":0,"4":0,"5":0,"6":0,"7":0,"8":0,"9":0},"f":{"0":0,"1":0,"2":0,"3":0,"4":0,"5":0,"6":0,"7":0},"b":{}}
,"/home/muniz/Documentos/Projetos/quizz/src/pages/PageLogin.vue": {"path":"/home/muniz/Documentos/Projetos/quizz/src/pages/PageLogin.vue","statementMap":{"0":{"start":{"line":65,"column":0},"end":{"line":65,"column":null}},"1":{"start":{"line":66,"column":0},"end":{"line":66,"column":null}},"2":{"start":{"line":68,"column":0},"end":{"line":68,"column":null}},"3":{"start":{"line":74,"column":0},"end":{"line":74,"column":null}},"4":{"start":{"line":75,"column":0},"end":{"line":75,"column":null}},"5":{"start":{"line":77,"column":0},"end":{"line":98,"column":null}},"6":{"start":{"line":78,"column":0},"end":{"line":97,"column":null}},"7":{"start":{"line":79,"column":0},"end":{"line":79,"column":null}},"8":{"start":{"line":84,"column":0},"end":{"line":91,"column":null}},"9":{"start":{"line":86,"column":0},"end":{"line":86,"column":null}},"10":{"start":{"line":87,"column":0},"end":{"line":87,"column":null}},"11":{"start":{"line":88,"column":0},"end":{"line":88,"column":null}},"12":{"start":{"line":90,"column":0},"end":{"line":90,"column":null}}},"fnMap":{"0":{"name":"data","decl":{"start":{"line":68,"column":0},"end":{"line":68,"column":null}},"loc":{"start":{"line":68,"column":0},"end":{"line":68,"column":null}}},"1":{"name":"saveUser","decl":{"start":{"line":74,"column":0},"end":{"line":74,"column":null}},"loc":{"start":{"line":74,"column":0},"end":{"line":99,"column":null}}},"2":{"name":"(anonymous_8)","decl":{"start":{"line":77,"column":0},"end":{"line":77,"column":null}},"loc":{"start":{"line":77,"column":0},"end":{"line":98,"column":null}}},"3":{"name":"(anonymous_9)","decl":{"start":{"line":84,"column":0},"end":{"line":84,"column":null}},"loc":{"start":{"line":84,"column":0},"end":{"line":91,"column":null}}},"4":{"name":"(anonymous_10)","decl":{"start":{"line":91,"column":0},"end":{"line":91,"column":null}},"loc":{"start":{"line":91,"column":0},"end":{"line":91,"column":null}}}},"branchMap":{"0":{"loc":{"start":{"line":78,"column":0},"end":{"line":97,"column":null}},"type":"if","locations":[{"start":{"line":78,"column":0},"end":{"line":97,"column":null}},{"start":{"line":78,"column":0},"end":{"line":97,"column":null}}]}},"s":{"0":0,"1":0,"2":0,"3":0,"4":0,"5":0,"6":0,"7":0,"8":0,"9":0,"10":0,"11":0,"12":0},"f":{"0":0,"1":0,"2":0,"3":0,"4":0},"b":{"0":[0,0]}}
,"/home/muniz/Documentos/Projetos/quizz/src/pages/PageMinhaConta.vue": {"path":"/home/muniz/Documentos/Projetos/quizz/src/pages/PageMinhaConta.vue","statementMap":{"0":{"start":{"line":54,"column":0},"end":{"line":54,"column":null}},"1":{"start":{"line":55,"column":0},"end":{"line":55,"column":null}},"2":{"start":{"line":56,"column":0},"end":{"line":56,"column":null}},"3":{"start":{"line":59,"column":0},"end":{"line":59,"column":null}},"4":{"start":{"line":68,"column":0},"end":{"line":68,"column":null}},"5":{"start":{"line":75,"column":0},"end":{"line":75,"column":null}},"6":{"start":{"line":76,"column":0},"end":{"line":76,"column":null}},"7":{"start":{"line":78,"column":0},"end":{"line":96,"column":null}},"8":{"start":{"line":79,"column":0},"end":{"line":95,"column":null}},"9":{"start":{"line":80,"column":0},"end":{"line":80,"column":null}},"10":{"start":{"line":82,"column":0},"end":{"line":89,"column":null}},"11":{"start":{"line":86,"column":0},"end":{"line":86,"column":null}},"12":{"start":{"line":87,"column":0},"end":{"line":87,"column":null}},"13":{"start":{"line":88,"column":0},"end":{"line":88,"column":null}}},"fnMap":{"0":{"name":"data","decl":{"start":{"line":59,"column":0},"end":{"line":59,"column":null}},"loc":{"start":{"line":59,"column":0},"end":{"line":59,"column":null}}},"1":{"name":"handler","decl":{"start":{"line":67,"column":0},"end":{"line":67,"column":null}},"loc":{"start":{"line":67,"column":0},"end":{"line":69,"column":null}}},"2":{"name":"saveUser","decl":{"start":{"line":75,"column":0},"end":{"line":75,"column":null}},"loc":{"start":{"line":75,"column":0},"end":{"line":97,"column":null}}},"3":{"name":"(anonymous_9)","decl":{"start":{"line":78,"column":0},"end":{"line":78,"column":null}},"loc":{"start":{"line":78,"column":0},"end":{"line":96,"column":null}}},"4":{"name":"(anonymous_10)","decl":{"start":{"line":82,"column":0},"end":{"line":82,"column":null}},"loc":{"start":{"line":82,"column":0},"end":{"line":89,"column":null}}},"5":{"name":"(anonymous_11)","decl":{"start":{"line":89,"column":0},"end":{"line":89,"column":null}},"loc":{"start":{"line":89,"column":0},"end":{"line":89,"column":null}}}},"branchMap":{"0":{"loc":{"start":{"line":79,"column":0},"end":{"line":95,"column":null}},"type":"if","locations":[{"start":{"line":79,"column":0},"end":{"line":95,"column":null}},{"start":{"line":79,"column":0},"end":{"line":95,"column":null}}]}},"s":{"0":0,"1":0,"2":0,"3":0,"4":0,"5":0,"6":0,"7":0,"8":0,"9":0,"10":0,"11":0,"12":0,"13":0},"f":{"0":0,"1":0,"2":0,"3":0,"4":0,"5":0},"b":{"0":[0,0]}}
,"/home/muniz/Documentos/Projetos/quizz/src/pages/PageModulo.vue": {"path":"/home/muniz/Documentos/Projetos/quizz/src/pages/PageModulo.vue","statementMap":{"0":{"start":{"line":53,"column":0},"end":{"line":53,"column":null}},"1":{"start":{"line":56,"column":0},"end":{"line":56,"column":null}},"2":{"start":{"line":58,"column":0},"end":{"line":58,"column":null}},"3":{"start":{"line":68,"column":0},"end":{"line":68,"column":null}},"4":{"start":{"line":71,"column":0},"end":{"line":71,"column":null}},"5":{"start":{"line":76,"column":0},"end":{"line":76,"column":null}},"6":{"start":{"line":79,"column":0},"end":{"line":79,"column":null}},"7":{"start":{"line":84,"column":0},"end":{"line":84,"column":null}},"8":{"start":{"line":87,"column":0},"end":{"line":87,"column":null}},"9":{"start":{"line":92,"column":0},"end":{"line":92,"column":null}},"10":{"start":{"line":95,"column":0},"end":{"line":95,"column":null}}},"fnMap":{"0":{"name":"created","decl":{"start":{"line":55,"column":0},"end":{"line":55,"column":null}},"loc":{"start":{"line":55,"column":0},"end":{"line":57,"column":null}}},"1":{"name":"data","decl":{"start":{"line":58,"column":0},"end":{"line":58,"column":null}},"loc":{"start":{"line":58,"column":0},"end":{"line":58,"column":null}}},"2":{"name":"get","decl":{"start":{"line":67,"column":0},"end":{"line":67,"column":null}},"loc":{"start":{"line":67,"column":0},"end":{"line":69,"column":null}}},"3":{"name":"set","decl":{"start":{"line":70,"column":0},"end":{"line":70,"column":null}},"loc":{"start":{"line":70,"column":0},"end":{"line":72,"column":null}}},"4":{"name":"get","decl":{"start":{"line":75,"column":0},"end":{"line":75,"column":null}},"loc":{"start":{"line":75,"column":0},"end":{"line":77,"column":null}}},"5":{"name":"set","decl":{"start":{"line":78,"column":0},"end":{"line":78,"column":null}},"loc":{"start":{"line":78,"column":0},"end":{"line":80,"column":null}}},"6":{"name":"get","decl":{"start":{"line":83,"column":0},"end":{"line":83,"column":null}},"loc":{"start":{"line":83,"column":0},"end":{"line":85,"column":null}}},"7":{"name":"set","decl":{"start":{"line":86,"column":0},"end":{"line":86,"column":null}},"loc":{"start":{"line":86,"column":0},"end":{"line":88,"column":null}}},"8":{"name":"get","decl":{"start":{"line":91,"column":0},"end":{"line":91,"column":null}},"loc":{"start":{"line":91,"column":0},"end":{"line":93,"column":null}}},"9":{"name":"set","decl":{"start":{"line":94,"column":0},"end":{"line":94,"column":null}},"loc":{"start":{"line":94,"column":0},"end":{"line":96,"column":null}}}},"branchMap":{},"s":{"0":0,"1":0,"2":0,"3":0,"4":0,"5":0,"6":0,"7":0,"8":0,"9":0,"10":0},"f":{"0":0,"1":0,"2":0,"3":0,"4":0,"5":0,"6":0,"7":0,"8":0,"9":0},"b":{}}
,"/home/muniz/Documentos/Projetos/quizz/src/pages/PageModulos.vue": {"path":"/home/muniz/Documentos/Projetos/quizz/src/pages/PageModulos.vue","statementMap":{"0":{"start":{"line":59,"column":0},"end":{"line":59,"column":null}},"1":{"start":{"line":60,"column":0},"end":{"line":60,"column":null}},"2":{"start":{"line":66,"column":0},"end":{"line":66,"column":null}},"3":{"start":{"line":69,"column":0},"end":{"line":69,"column":null}},"4":{"start":{"line":79,"column":0},"end":{"line":79,"column":null}}},"fnMap":{"0":{"name":"modulosMilitar","decl":{"start":{"line":65,"column":0},"end":{"line":65,"column":null}},"loc":{"start":{"line":65,"column":0},"end":{"line":67,"column":null}}},"1":{"name":"(anonymous_7)","decl":{"start":{"line":66,"column":0},"end":{"line":66,"column":null}},"loc":{"start":{"line":66,"column":0},"end":{"line":66,"column":null}}},"2":{"name":"modulosSVA","decl":{"start":{"line":68,"column":0},"end":{"line":68,"column":null}},"loc":{"start":{"line":68,"column":0},"end":{"line":70,"column":null}}},"3":{"name":"(anonymous_9)","decl":{"start":{"line":69,"column":0},"end":{"line":69,"column":null}},"loc":{"start":{"line":69,"column":0},"end":{"line":69,"column":null}}},"4":{"name":"choose","decl":{"start":{"line":78,"column":0},"end":{"line":78,"column":null}},"loc":{"start":{"line":78,"column":0},"end":{"line":80,"column":null}}}},"branchMap":{},"s":{"0":0,"1":0,"2":0,"3":0,"4":0},"f":{"0":0,"1":0,"2":0,"3":0,"4":0},"b":{}}
,"/home/muniz/Documentos/Projetos/quizz/src/pages/PageQuestionario.vue": {"path":"/home/muniz/Documentos/Projetos/quizz/src/pages/PageQuestionario.vue","statementMap":{"0":{"start":{"line":127,"column":0},"end":{"line":127,"column":null}},"1":{"start":{"line":129,"column":0},"end":{"line":129,"column":null}},"2":{"start":{"line":136,"column":0},"end":{"line":136,"column":null}},"3":{"start":{"line":141,"column":0},"end":{"line":141,"column":null}},"4":{"start":{"line":144,"column":0},"end":{"line":144,"column":null}},"5":{"start":{"line":146,"column":0},"end":{"line":146,"column":null}},"6":{"start":{"line":147,"column":0},"end":{"line":147,"column":null}},"7":{"start":{"line":152,"column":0},"end":{"line":152,"column":null}},"8":{"start":{"line":153,"column":0},"end":{"line":153,"column":null}},"9":{"start":{"line":154,"column":0},"end":{"line":154,"column":null}},"10":{"start":{"line":159,"column":0},"end":{"line":159,"column":null}},"11":{"start":{"line":160,"column":0},"end":{"line":160,"column":null}},"12":{"start":{"line":162,"column":0},"end":{"line":162,"column":null}},"13":{"start":{"line":163,"column":0},"end":{"line":168,"column":null}},"14":{"start":{"line":164,"column":0},"end":{"line":167,"column":null}},"15":{"start":{"line":165,"column":0},"end":{"line":165,"column":null}},"16":{"start":{"line":166,"column":0},"end":{"line":166,"column":null}},"17":{"start":{"line":171,"column":0},"end":{"line":171,"column":null}},"18":{"start":{"line":172,"column":0},"end":{"line":172,"column":null}},"19":{"start":{"line":175,"column":0},"end":{"line":175,"column":null}},"20":{"start":{"line":176,"column":0},"end":{"line":176,"column":null}},"21":{"start":{"line":179,"column":0},"end":{"line":179,"column":null}},"22":{"start":{"line":180,"column":0},"end":{"line":180,"column":null}},"23":{"start":{"line":183,"column":0},"end":{"line":183,"column":null}},"24":{"start":{"line":184,"column":0},"end":{"line":184,"column":null}},"25":{"start":{"line":185,"column":0},"end":{"line":185,"column":null}},"26":{"start":{"line":187,"column":0},"end":{"line":188,"column":null}},"27":{"start":{"line":192,"column":0},"end":{"line":194,"column":null}},"28":{"start":{"line":193,"column":0},"end":{"line":193,"column":null}},"29":{"start":{"line":195,"column":0},"end":{"line":197,"column":null}},"30":{"start":{"line":196,"column":0},"end":{"line":196,"column":null}},"31":{"start":{"line":198,"column":0},"end":{"line":198,"column":null}},"32":{"start":{"line":201,"column":0},"end":{"line":203,"column":null}},"33":{"start":{"line":202,"column":0},"end":{"line":202,"column":null}},"34":{"start":{"line":204,"column":0},"end":{"line":206,"column":null}},"35":{"start":{"line":205,"column":0},"end":{"line":205,"column":null}},"36":{"start":{"line":207,"column":0},"end":{"line":207,"column":null}}},"fnMap":{"0":{"name":"data","decl":{"start":{"line":129,"column":0},"end":{"line":129,"column":null}},"loc":{"start":{"line":129,"column":0},"end":{"line":129,"column":null}}},"1":{"name":"created","decl":{"start":{"line":135,"column":0},"end":{"line":135,"column":null}},"loc":{"start":{"line":135,"column":0},"end":{"line":137,"column":null}}},"2":{"name":"showButtonAnalisar","decl":{"start":{"line":140,"column":0},"end":{"line":140,"column":null}},"loc":{"start":{"line":140,"column":0},"end":{"line":142,"column":null}}},"3":{"name":"algumaRespostaSelecionada","decl":{"start":{"line":143,"column":0},"end":{"line":143,"column":null}},"loc":{"start":{"line":143,"column":0},"end":{"line":145,"column":null}}},"4":{"name":"(anonymous_10)","decl":{"start":{"line":144,"column":0},"end":{"line":144,"column":null}},"loc":{"start":{"line":144,"column":0},"end":{"line":144,"column":null}}},"5":{"name":"answer","decl":{"start":{"line":146,"column":0},"end":{"line":146,"column":null}},"loc":{"start":{"line":146,"column":0},"end":{"line":148,"column":null}}},"6":{"name":"(anonymous_12)","decl":{"start":{"line":147,"column":0},"end":{"line":147,"column":null}},"loc":{"start":{"line":147,"column":0},"end":{"line":147,"column":null}}},"7":{"name":"getCurrentQuestionId","decl":{"start":{"line":151,"column":0},"end":{"line":151,"column":null}},"loc":{"start":{"line":151,"column":0},"end":{"line":155,"column":null}}},"8":{"name":"syncronize","decl":{"start":{"line":159,"column":0},"end":{"line":159,"column":null}},"loc":{"start":{"line":159,"column":0},"end":{"line":169,"column":null}}},"9":{"name":"(anonymous_15)","decl":{"start":{"line":163,"column":0},"end":{"line":163,"column":null}},"loc":{"start":{"line":163,"column":0},"end":{"line":168,"column":null}}},"10":{"name":"back","decl":{"start":{"line":170,"column":0},"end":{"line":170,"column":null}},"loc":{"start":{"line":170,"column":0},"end":{"line":173,"column":null}}},"11":{"name":"next","decl":{"start":{"line":174,"column":0},"end":{"line":174,"column":null}},"loc":{"start":{"line":174,"column":0},"end":{"line":177,"column":null}}},"12":{"name":"toggleChoice","decl":{"start":{"line":178,"column":0},"end":{"line":178,"column":null}},"loc":{"start":{"line":178,"column":0},"end":{"line":181,"column":null}}},"13":{"name":"analisar","decl":{"start":{"line":182,"column":0},"end":{"line":182,"column":null}},"loc":{"start":{"line":182,"column":0},"end":{"line":190,"column":null}}},"14":{"name":"(anonymous_20)","decl":{"start":{"line":185,"column":0},"end":{"line":185,"column":null}},"loc":{"start":{"line":185,"column":0},"end":{"line":185,"column":null}}},"15":{"name":"getButtonColor","decl":{"start":{"line":191,"column":0},"end":{"line":191,"column":null}},"loc":{"start":{"line":191,"column":0},"end":{"line":199,"column":null}}},"16":{"name":"getOutline","decl":{"start":{"line":200,"column":0},"end":{"line":200,"column":null}},"loc":{"start":{"line":200,"column":0},"end":{"line":208,"column":null}}}},"branchMap":{"0":{"loc":{"start":{"line":141,"column":0},"end":{"line":141,"column":null}},"type":"binary-expr","locations":[{"start":{"line":141,"column":0},"end":{"line":141,"column":null}},{"start":{"line":141,"column":0},"end":{"line":141,"column":null}}]},"1":{"loc":{"start":{"line":160,"column":0},"end":{"line":160,"column":null}},"type":"if","locations":[{"start":{"line":160,"column":0},"end":{"line":160,"column":null}},{"start":{"line":160,"column":0},"end":{"line":160,"column":null}}]},"2":{"loc":{"start":{"line":164,"column":0},"end":{"line":167,"column":null}},"type":"if","locations":[{"start":{"line":164,"column":0},"end":{"line":167,"column":null}},{"start":{"line":164,"column":0},"end":{"line":167,"column":null}}]},"3":{"loc":{"start":{"line":188,"column":0},"end":{"line":188,"column":null}},"type":"cond-expr","locations":[{"start":{"line":188,"column":0},"end":{"line":188,"column":null}},{"start":{"line":188,"column":0},"end":{"line":188,"column":null}}]},"4":{"loc":{"start":{"line":192,"column":0},"end":{"line":194,"column":null}},"type":"if","locations":[{"start":{"line":192,"column":0},"end":{"line":194,"column":null}},{"start":{"line":192,"column":0},"end":{"line":194,"column":null}}]},"5":{"loc":{"start":{"line":192,"column":0},"end":{"line":192,"column":null}},"type":"binary-expr","locations":[{"start":{"line":192,"column":0},"end":{"line":192,"column":null}},{"start":{"line":192,"column":0},"end":{"line":192,"column":null}}]},"6":{"loc":{"start":{"line":195,"column":0},"end":{"line":197,"column":null}},"type":"if","locations":[{"start":{"line":195,"column":0},"end":{"line":197,"column":null}},{"start":{"line":195,"column":0},"end":{"line":197,"column":null}}]},"7":{"loc":{"start":{"line":195,"column":0},"end":{"line":195,"column":null}},"type":"binary-expr","locations":[{"start":{"line":195,"column":0},"end":{"line":195,"column":null}},{"start":{"line":195,"column":0},"end":{"line":195,"column":null}},{"start":{"line":195,"column":0},"end":{"line":195,"column":null}}]},"8":{"loc":{"start":{"line":201,"column":0},"end":{"line":203,"column":null}},"type":"if","locations":[{"start":{"line":201,"column":0},"end":{"line":203,"column":null}},{"start":{"line":201,"column":0},"end":{"line":203,"column":null}}]},"9":{"loc":{"start":{"line":201,"column":0},"end":{"line":201,"column":null}},"type":"binary-expr","locations":[{"start":{"line":201,"column":0},"end":{"line":201,"column":null}},{"start":{"line":201,"column":0},"end":{"line":201,"column":null}}]},"10":{"loc":{"start":{"line":204,"column":0},"end":{"line":206,"column":null}},"type":"if","locations":[{"start":{"line":204,"column":0},"end":{"line":206,"column":null}},{"start":{"line":204,"column":0},"end":{"line":206,"column":null}}]}},"s":{"0":0,"1":0,"2":0,"3":0,"4":0,"5":0,"6":0,"7":0,"8":0,"9":0,"10":0,"11":0,"12":0,"13":0,"14":0,"15":0,"16":0,"17":0,"18":0,"19":0,"20":0,"21":0,"22":0,"23":0,"24":0,"25":0,"26":0,"27":0,"28":0,"29":0,"30":0,"31":0,"32":0,"33":0,"34":0,"35":0,"36":0},"f":{"0":0,"1":0,"2":0,"3":0,"4":0,"5":0,"6":0,"7":0,"8":0,"9":0,"10":0,"11":0,"12":0,"13":0,"14":0,"15":0,"16":0},"b":{"0":[0,0],"1":[0,0],"2":[0,0],"3":[0,0],"4":[0,0],"5":[0,0],"6":[0,0],"7":[0,0,0],"8":[0,0],"9":[0,0],"10":[0,0]}}
,"/home/muniz/Documentos/Projetos/quizz/src/router/index.js": {"path":"/home/muniz/Documentos/Projetos/quizz/src/router/index.js","statementMap":{"0":{"start":{"line":7,"column":0},"end":{"line":7,"column":18}},"1":{"start":{"line":10,"column":17},"end":{"line":19,"column":4}},"2":{"start":{"line":11,"column":27},"end":{"line":11,"column":41}},"3":{"start":{"line":21,"column":2},"end":{"line":35,"column":4}},"4":{"start":{"line":22,"column":26},"end":{"line":22,"column":53}},"5":{"start":{"line":23,"column":27},"end":{"line":23,"column":47}},"6":{"start":{"line":24,"column":4},"end":{"line":34,"column":5}},"7":{"start":{"line":25,"column":6},"end":{"line":25,"column":67}},"8":{"start":{"line":26,"column":6},"end":{"line":26,"column":15}},"9":{"start":{"line":27,"column":11},"end":{"line":34,"column":5}},"10":{"start":{"line":28,"column":6},"end":{"line":28,"column":67}},"11":{"start":{"line":29,"column":6},"end":{"line":29,"column":12}},"12":{"start":{"line":30,"column":11},"end":{"line":34,"column":5}},"13":{"start":{"line":31,"column":6},"end":{"line":31,"column":12}},"14":{"start":{"line":32,"column":11},"end":{"line":34,"column":5}},"15":{"start":{"line":33,"column":6},"end":{"line":33,"column":20}},"16":{"start":{"line":37,"column":2},"end":{"line":37,"column":15}}},"fnMap":{"0":{"name":"(anonymous_0)","decl":{"start":{"line":9,"column":15},"end":{"line":9,"column":16}},"loc":{"start":{"line":9,"column":54},"end":{"line":38,"column":1}},"line":9},"1":{"name":"(anonymous_1)","decl":{"start":{"line":11,"column":20},"end":{"line":11,"column":21}},"loc":{"start":{"line":11,"column":27},"end":{"line":11,"column":41}},"line":11},"2":{"name":"(anonymous_2)","decl":{"start":{"line":21,"column":20},"end":{"line":21,"column":21}},"loc":{"start":{"line":21,"column":40},"end":{"line":35,"column":3}},"line":21}},"branchMap":{"0":{"loc":{"start":{"line":24,"column":4},"end":{"line":34,"column":5}},"type":"if","locations":[{"start":{"line":24,"column":4},"end":{"line":34,"column":5}},{"start":{"line":24,"column":4},"end":{"line":34,"column":5}}],"line":24},"1":{"loc":{"start":{"line":24,"column":8},"end":{"line":24,"column":43}},"type":"binary-expr","locations":[{"start":{"line":24,"column":8},"end":{"line":24,"column":23}},{"start":{"line":24,"column":27},"end":{"line":24,"column":43}}],"line":24},"2":{"loc":{"start":{"line":27,"column":11},"end":{"line":34,"column":5}},"type":"if","locations":[{"start":{"line":27,"column":11},"end":{"line":34,"column":5}},{"start":{"line":27,"column":11},"end":{"line":34,"column":5}}],"line":27},"3":{"loc":{"start":{"line":30,"column":11},"end":{"line":34,"column":5}},"type":"if","locations":[{"start":{"line":30,"column":11},"end":{"line":34,"column":5}},{"start":{"line":30,"column":11},"end":{"line":34,"column":5}}],"line":30},"4":{"loc":{"start":{"line":30,"column":15},"end":{"line":30,"column":51}},"type":"binary-expr","locations":[{"start":{"line":30,"column":15},"end":{"line":30,"column":31}},{"start":{"line":30,"column":35},"end":{"line":30,"column":51}}],"line":30},"5":{"loc":{"start":{"line":32,"column":11},"end":{"line":34,"column":5}},"type":"if","locations":[{"start":{"line":32,"column":11},"end":{"line":34,"column":5}},{"start":{"line":32,"column":11},"end":{"line":34,"column":5}}],"line":32}},"s":{"0":0,"1":0,"2":0,"3":0,"4":0,"5":0,"6":0,"7":0,"8":0,"9":0,"10":0,"11":0,"12":0,"13":0,"14":0,"15":0,"16":0},"f":{"0":0,"1":0,"2":0},"b":{"0":[0,0],"1":[0,0],"2":[0,0],"3":[0,0],"4":[0,0],"5":[0,0]},"hash":"bfe0d0fa770924bba87312ad58db21e6b9463a8f"}
,"/home/muniz/Documentos/Projetos/quizz/src/router/routes.js": {"path":"/home/muniz/Documentos/Projetos/quizz/src/router/routes.js","statementMap":{"0":{"start":{"line":2,"column":15},"end":{"line":23,"column":1}},"1":{"start":{"line":5,"column":21},"end":{"line":5,"column":49}},"2":{"start":{"line":7,"column":35},"end":{"line":7,"column":66}},"3":{"start":{"line":8,"column":46},"end":{"line":8,"column":76}},"4":{"start":{"line":9,"column":49},"end":{"line":9,"column":85}},"5":{"start":{"line":10,"column":45},"end":{"line":10,"column":78}},"6":{"start":{"line":11,"column":48},"end":{"line":11,"column":84}},"7":{"start":{"line":12,"column":47},"end":{"line":12,"column":81}},"8":{"start":{"line":17,"column":21},"end":{"line":17,"column":54}},"9":{"start":{"line":19,"column":56},"end":{"line":19,"column":85}},"10":{"start":{"line":26,"column":0},"end":{"line":31,"column":1}},"11":{"start":{"line":27,"column":2},"end":{"line":30,"column":4}},"12":{"start":{"line":29,"column":21},"end":{"line":29,"column":49}}},"fnMap":{"0":{"name":"(anonymous_0)","decl":{"start":{"line":5,"column":15},"end":{"line":5,"column":16}},"loc":{"start":{"line":5,"column":21},"end":{"line":5,"column":49}},"line":5},"1":{"name":"(anonymous_1)","decl":{"start":{"line":7,"column":29},"end":{"line":7,"column":30}},"loc":{"start":{"line":7,"column":35},"end":{"line":7,"column":66}},"line":7},"2":{"name":"(anonymous_2)","decl":{"start":{"line":8,"column":40},"end":{"line":8,"column":41}},"loc":{"start":{"line":8,"column":46},"end":{"line":8,"column":76}},"line":8},"3":{"name":"(anonymous_3)","decl":{"start":{"line":9,"column":43},"end":{"line":9,"column":44}},"loc":{"start":{"line":9,"column":49},"end":{"line":9,"column":85}},"line":9},"4":{"name":"(anonymous_4)","decl":{"start":{"line":10,"column":39},"end":{"line":10,"column":40}},"loc":{"start":{"line":10,"column":45},"end":{"line":10,"column":78}},"line":10},"5":{"name":"(anonymous_5)","decl":{"start":{"line":11,"column":42},"end":{"line":11,"column":43}},"loc":{"start":{"line":11,"column":48},"end":{"line":11,"column":84}},"line":11},"6":{"name":"(anonymous_6)","decl":{"start":{"line":12,"column":41},"end":{"line":12,"column":42}},"loc":{"start":{"line":12,"column":47},"end":{"line":12,"column":81}},"line":12},"7":{"name":"(anonymous_7)","decl":{"start":{"line":17,"column":15},"end":{"line":17,"column":16}},"loc":{"start":{"line":17,"column":21},"end":{"line":17,"column":54}},"line":17},"8":{"name":"(anonymous_8)","decl":{"start":{"line":19,"column":50},"end":{"line":19,"column":51}},"loc":{"start":{"line":19,"column":56},"end":{"line":19,"column":85}},"line":19},"9":{"name":"(anonymous_9)","decl":{"start":{"line":29,"column":15},"end":{"line":29,"column":16}},"loc":{"start":{"line":29,"column":21},"end":{"line":29,"column":49}},"line":29}},"branchMap":{"0":{"loc":{"start":{"line":26,"column":0},"end":{"line":31,"column":1}},"type":"if","locations":[{"start":{"line":26,"column":0},"end":{"line":31,"column":1}},{"start":{"line":26,"column":0},"end":{"line":31,"column":1}}],"line":26}},"s":{"0":0,"1":0,"2":0,"3":0,"4":0,"5":0,"6":0,"7":0,"8":0,"9":0,"10":0,"11":0,"12":0},"f":{"0":0,"1":0,"2":0,"3":0,"4":0,"5":0,"6":0,"7":0,"8":0,"9":0},"b":{"0":[0,0]},"hash":"774288443771ae9880f753b5d2b80dd752fca0dd"}
,"/home/muniz/Documentos/Projetos/quizz/src/store/index.js": {"path":"/home/muniz/Documentos/Projetos/quizz/src/store/index.js","statementMap":{"0":{"start":{"line":7,"column":0},"end":{"line":7,"column":13}},"1":{"start":{"line":10,"column":16},"end":{"line":16,"column":4}},"2":{"start":{"line":18,"column":2},"end":{"line":18,"column":14}}},"fnMap":{"0":{"name":"(anonymous_0)","decl":{"start":{"line":9,"column":15},"end":{"line":9,"column":16}},"loc":{"start":{"line":9,"column":47},"end":{"line":19,"column":1}},"line":9}},"branchMap":{},"s":{"0":0,"1":0,"2":0},"f":{"0":0},"b":{},"hash":"c4f5aa3bb198a3ca8e845ffd4081df70ba8f336d"}
,"/home/muniz/Documentos/Projetos/quizz/src/store/global/actions.js": {"path":"/home/muniz/Documentos/Projetos/quizz/src/store/global/actions.js","statementMap":{},"fnMap":{"0":{"name":"someAction","decl":{"start":{"line":1,"column":16},"end":{"line":1,"column":26}},"loc":{"start":{"line":1,"column":43},"end":{"line":2,"column":1}},"line":1}},"branchMap":{},"s":{},"f":{"0":0},"b":{},"hash":"3788d735b8b02a1ba61c7d74b6ac9048ffd45326"}
,"/home/muniz/Documentos/Projetos/quizz/src/store/global/getters.js": {"path":"/home/muniz/Documentos/Projetos/quizz/src/store/global/getters.js","statementMap":{"0":{"start":{"line":2,"column":2},"end":{"line":2,"column":22}},"1":{"start":{"line":5,"column":2},"end":{"line":5,"column":22}}},"fnMap":{"0":{"name":"getUsuario","decl":{"start":{"line":1,"column":16},"end":{"line":1,"column":26}},"loc":{"start":{"line":1,"column":35},"end":{"line":3,"column":1}},"line":1},"1":{"name":"getModulos","decl":{"start":{"line":4,"column":16},"end":{"line":4,"column":26}},"loc":{"start":{"line":4,"column":35},"end":{"line":6,"column":1}},"line":4}},"branchMap":{},"s":{"0":0,"1":0},"f":{"0":0,"1":0},"b":{},"hash":"44b76bfc76a3035ecbc0430e133bc768e167081b"}
,"/home/muniz/Documentos/Projetos/quizz/src/store/global/index.js": {"path":"/home/muniz/Documentos/Projetos/quizz/src/store/global/index.js","statementMap":{"0":{"start":{"line":17,"column":6},"end":{"line":21,"column":10}},"1":{"start":{"line":20,"column":10},"end":{"line":20,"column":119}},"2":{"start":{"line":20,"column":87},"end":{"line":20,"column":116}}},"fnMap":{"0":{"name":"(anonymous_0)","decl":{"start":{"line":16,"column":17},"end":{"line":16,"column":18}},"loc":{"start":{"line":16,"column":30},"end":{"line":22,"column":5}},"line":16},"1":{"name":"(anonymous_1)","decl":{"start":{"line":19,"column":14},"end":{"line":19,"column":15}},"loc":{"start":{"line":19,"column":26},"end":{"line":21,"column":9}},"line":19},"2":{"name":"(anonymous_2)","decl":{"start":{"line":20,"column":79},"end":{"line":20,"column":80}},"loc":{"start":{"line":20,"column":87},"end":{"line":20,"column":116}},"line":20}},"branchMap":{"0":{"loc":{"start":{"line":20,"column":39},"end":{"line":20,"column":118}},"type":"cond-expr","locations":[{"start":{"line":20,"column":56},"end":{"line":20,"column":58}},{"start":{"line":20,"column":61},"end":{"line":20,"column":118}}],"line":20}},"s":{"0":0,"1":0,"2":0},"f":{"0":0,"1":0,"2":0},"b":{"0":[0,0]},"hash":"286736dc80c3e873a17a0f084116b04d9263da11"}
,"/home/muniz/Documentos/Projetos/quizz/src/store/global/mutations.js": {"path":"/home/muniz/Documentos/Projetos/quizz/src/store/global/mutations.js","statementMap":{"0":{"start":{"line":2,"column":2},"end":{"line":2,"column":25}},"1":{"start":{"line":5,"column":2},"end":{"line":5,"column":25}}},"fnMap":{"0":{"name":"setUsuario","decl":{"start":{"line":1,"column":16},"end":{"line":1,"column":26}},"loc":{"start":{"line":1,"column":44},"end":{"line":3,"column":1}},"line":1},"1":{"name":"setModulos","decl":{"start":{"line":4,"column":16},"end":{"line":4,"column":26}},"loc":{"start":{"line":4,"column":44},"end":{"line":6,"column":1}},"line":4}},"branchMap":{},"s":{"0":0,"1":0},"f":{"0":0,"1":0},"b":{},"hash":"5ed46f446d4002f204f5e1e8f6b65f8250aa38a3"}
,"/home/muniz/Documentos/Projetos/quizz/src/store/global/state.js": {"path":"/home/muniz/Documentos/Projetos/quizz/src/store/global/state.js","statementMap":{},"fnMap":{},"branchMap":{},"s":{},"f":{},"b":{},"hash":"e7365fad404c97a8d6c29100c7abc51943d6cc7e"}
,"/home/muniz/Documentos/Projetos/quizz/src/store/questionario/actions.js": {"path":"/home/muniz/Documentos/Projetos/quizz/src/store/questionario/actions.js","statementMap":{},"fnMap":{"0":{"name":"someAction","decl":{"start":{"line":1,"column":16},"end":{"line":1,"column":26}},"loc":{"start":{"line":1,"column":43},"end":{"line":2,"column":1}},"line":1}},"branchMap":{},"s":{},"f":{"0":0},"b":{},"hash":"a9ccdf2adc62b75b2020c35cf05fbe98a9718a50"}
,"/home/muniz/Documentos/Projetos/quizz/src/store/questionario/getters.js": {"path":"/home/muniz/Documentos/Projetos/quizz/src/store/questionario/getters.js","statementMap":{"0":{"start":{"line":2,"column":2},"end":{"line":2,"column":48}},"1":{"start":{"line":2,"column":36},"end":{"line":2,"column":48}},"2":{"start":{"line":3,"column":2},"end":{"line":3,"column":52}},"3":{"start":{"line":6,"column":2},"end":{"line":6,"column":35}},"4":{"start":{"line":9,"column":2},"end":{"line":9,"column":22}},"5":{"start":{"line":12,"column":2},"end":{"line":12,"column":33}},"6":{"start":{"line":15,"column":2},"end":{"line":15,"column":32}},"7":{"start":{"line":18,"column":2},"end":{"line":18,"column":68}},"8":{"start":{"line":21,"column":2},"end":{"line":21,"column":41}}},"fnMap":{"0":{"name":"getCurrentQuestion","decl":{"start":{"line":1,"column":16},"end":{"line":1,"column":34}},"loc":{"start":{"line":1,"column":43},"end":{"line":4,"column":1}},"line":1},"1":{"name":"getCurrentQuestionIndex","decl":{"start":{"line":5,"column":16},"end":{"line":5,"column":39}},"loc":{"start":{"line":5,"column":48},"end":{"line":7,"column":1}},"line":5},"2":{"name":"getAnswers","decl":{"start":{"line":8,"column":16},"end":{"line":8,"column":26}},"loc":{"start":{"line":8,"column":35},"end":{"line":10,"column":1}},"line":8},"3":{"name":"getChoosedQuestionary","decl":{"start":{"line":11,"column":16},"end":{"line":11,"column":37}},"loc":{"start":{"line":11,"column":46},"end":{"line":13,"column":1}},"line":11},"4":{"name":"getConfigQuestionary","decl":{"start":{"line":14,"column":16},"end":{"line":14,"column":36}},"loc":{"start":{"line":14,"column":45},"end":{"line":16,"column":1}},"line":14},"5":{"name":"ehUltimaQuestao","decl":{"start":{"line":17,"column":16},"end":{"line":17,"column":31}},"loc":{"start":{"line":17,"column":40},"end":{"line":19,"column":1}},"line":17},"6":{"name":"ehPrimeiraQuestao","decl":{"start":{"line":20,"column":16},"end":{"line":20,"column":33}},"loc":{"start":{"line":20,"column":42},"end":{"line":22,"column":1}},"line":20}},"branchMap":{"0":{"loc":{"start":{"line":2,"column":2},"end":{"line":2,"column":48}},"type":"if","locations":[{"start":{"line":2,"column":2},"end":{"line":2,"column":48}},{"start":{"line":2,"column":2},"end":{"line":2,"column":48}}],"line":2}},"s":{"0":0,"1":0,"2":0,"3":0,"4":0,"5":0,"6":0,"7":0,"8":0},"f":{"0":0,"1":0,"2":0,"3":0,"4":0,"5":0,"6":0},"b":{"0":[0,0]},"hash":"2cc92df49db340305858c73dd8dff4a026400b38"}
,"/home/muniz/Documentos/Projetos/quizz/src/store/questionario/index.js": {"path":"/home/muniz/Documentos/Projetos/quizz/src/store/questionario/index.js","statementMap":{"0":{"start":{"line":16,"column":6},"end":{"line":16,"column":115}}},"fnMap":{"0":{"name":"(anonymous_0)","decl":{"start":{"line":15,"column":33},"end":{"line":15,"column":34}},"loc":{"start":{"line":15,"column":70},"end":{"line":17,"column":5}},"line":15}},"branchMap":{},"s":{"0":0},"f":{"0":0},"b":{},"hash":"175ca141ae5499008b329031db1f1c77924cc6a2"}
,"/home/muniz/Documentos/Projetos/quizz/src/store/questionario/mutations.js": {"path":"/home/muniz/Documentos/Projetos/quizz/src/store/questionario/mutations.js","statementMap":{"0":{"start":{"line":4,"column":2},"end":{"line":4,"column":73}},"1":{"start":{"line":4,"column":67},"end":{"line":4,"column":73}},"2":{"start":{"line":6,"column":2},"end":{"line":6,"column":30}},"3":{"start":{"line":9,"column":2},"end":{"line":9,"column":46}},"4":{"start":{"line":9,"column":40},"end":{"line":9,"column":46}},"5":{"start":{"line":11,"column":2},"end":{"line":11,"column":30}},"6":{"start":{"line":14,"column":2},"end":{"line":14,"column":36}},"7":{"start":{"line":17,"column":2},"end":{"line":21,"column":4}},"8":{"start":{"line":18,"column":4},"end":{"line":20,"column":6}},"9":{"start":{"line":19,"column":6},"end":{"line":19,"column":34}},"10":{"start":{"line":22,"column":2},"end":{"line":22,"column":27}},"11":{"start":{"line":25,"column":2},"end":{"line":25,"column":83}},"12":{"start":{"line":28,"column":2},"end":{"line":30,"column":4}},"13":{"start":{"line":29,"column":4},"end":{"line":29,"column":31}},"14":{"start":{"line":33,"column":2},"end":{"line":33,"column":46}},"15":{"start":{"line":36,"column":2},"end":{"line":36,"column":49}},"16":{"start":{"line":39,"column":2},"end":{"line":39,"column":47}},"17":{"start":{"line":42,"column":2},"end":{"line":42,"column":41}},"18":{"start":{"line":45,"column":2},"end":{"line":45,"column":25}},"19":{"start":{"line":48,"column":2},"end":{"line":48,"column":46}},"20":{"start":{"line":49,"column":2},"end":{"line":49,"column":44}},"21":{"start":{"line":50,"column":2},"end":{"line":55,"column":6}},"22":{"start":{"line":58,"column":2},"end":{"line":58,"column":32}},"23":{"start":{"line":59,"column":2},"end":{"line":64,"column":3}},"24":{"start":{"line":65,"column":2},"end":{"line":69,"column":4}},"25":{"start":{"line":66,"column":4},"end":{"line":68,"column":6}},"26":{"start":{"line":67,"column":6},"end":{"line":67,"column":34}}},"fnMap":{"0":{"name":"nextQuestion","decl":{"start":{"line":3,"column":16},"end":{"line":3,"column":28}},"loc":{"start":{"line":3,"column":37},"end":{"line":7,"column":1}},"line":3},"1":{"name":"backQuestion","decl":{"start":{"line":8,"column":16},"end":{"line":8,"column":28}},"loc":{"start":{"line":8,"column":37},"end":{"line":12,"column":1}},"line":8},"2":{"name":"setChoosedQuestionary","decl":{"start":{"line":13,"column":16},"end":{"line":13,"column":37}},"loc":{"start":{"line":13,"column":55},"end":{"line":15,"column":1}},"line":13},"3":{"name":"setQuestions","decl":{"start":{"line":16,"column":16},"end":{"line":16,"column":28}},"loc":{"start":{"line":16,"column":46},"end":{"line":23,"column":1}},"line":16},"4":{"name":"(anonymous_4)","decl":{"start":{"line":17,"column":18},"end":{"line":17,"column":19}},"loc":{"start":{"line":17,"column":30},"end":{"line":21,"column":3}},"line":17},"5":{"name":"(anonymous_5)","decl":{"start":{"line":18,"column":31},"end":{"line":18,"column":32}},"loc":{"start":{"line":18,"column":43},"end":{"line":20,"column":5}},"line":18},"6":{"name":"updateCurrentQuestionChoice","decl":{"start":{"line":24,"column":16},"end":{"line":24,"column":43}},"loc":{"start":{"line":24,"column":61},"end":{"line":26,"column":1}},"line":24},"7":{"name":"resetChoices","decl":{"start":{"line":27,"column":16},"end":{"line":27,"column":28}},"loc":{"start":{"line":27,"column":37},"end":{"line":31,"column":1}},"line":27},"8":{"name":"(anonymous_8)","decl":{"start":{"line":28,"column":64},"end":{"line":28,"column":65}},"loc":{"start":{"line":28,"column":75},"end":{"line":30,"column":3}},"line":28},"9":{"name":"updateCronometro","decl":{"start":{"line":32,"column":16},"end":{"line":32,"column":32}},"loc":{"start":{"line":32,"column":50},"end":{"line":34,"column":1}},"line":32},"10":{"name":"updateCorrecaoFinal","decl":{"start":{"line":35,"column":16},"end":{"line":35,"column":35}},"loc":{"start":{"line":35,"column":53},"end":{"line":37,"column":1}},"line":35},"11":{"name":"updateQtdQuestoes","decl":{"start":{"line":38,"column":16},"end":{"line":38,"column":33}},"loc":{"start":{"line":38,"column":51},"end":{"line":40,"column":1}},"line":38},"12":{"name":"updateNivel","decl":{"start":{"line":41,"column":16},"end":{"line":41,"column":27}},"loc":{"start":{"line":41,"column":45},"end":{"line":43,"column":1}},"line":41},"13":{"name":"setAnswers","decl":{"start":{"line":44,"column":16},"end":{"line":44,"column":26}},"loc":{"start":{"line":44,"column":44},"end":{"line":46,"column":1}},"line":44},"14":{"name":"updateAnswer","decl":{"start":{"line":47,"column":16},"end":{"line":47,"column":28}},"loc":{"start":{"line":47,"column":46},"end":{"line":56,"column":1}},"line":47},"15":{"name":"(anonymous_15)","decl":{"start":{"line":51,"column":10},"end":{"line":51,"column":11}},"loc":{"start":{"line":51,"column":22},"end":{"line":52,"column":5}},"line":51},"16":{"name":"(anonymous_16)","decl":{"start":{"line":53,"column":11},"end":{"line":53,"column":12}},"loc":{"start":{"line":53,"column":28},"end":{"line":55,"column":5}},"line":53},"17":{"name":"resetState","decl":{"start":{"line":57,"column":16},"end":{"line":57,"column":26}},"loc":{"start":{"line":57,"column":35},"end":{"line":70,"column":1}},"line":57},"18":{"name":"(anonymous_18)","decl":{"start":{"line":65,"column":26},"end":{"line":65,"column":27}},"loc":{"start":{"line":65,"column":38},"end":{"line":69,"column":3}},"line":65},"19":{"name":"(anonymous_19)","decl":{"start":{"line":66,"column":31},"end":{"line":66,"column":32}},"loc":{"start":{"line":66,"column":43},"end":{"line":68,"column":5}},"line":66}},"branchMap":{"0":{"loc":{"start":{"line":4,"column":2},"end":{"line":4,"column":73}},"type":"if","locations":[{"start":{"line":4,"column":2},"end":{"line":4,"column":73}},{"start":{"line":4,"column":2},"end":{"line":4,"column":73}}],"line":4},"1":{"loc":{"start":{"line":9,"column":2},"end":{"line":9,"column":46}},"type":"if","locations":[{"start":{"line":9,"column":2},"end":{"line":9,"column":46}},{"start":{"line":9,"column":2},"end":{"line":9,"column":46}}],"line":9}},"s":{"0":0,"1":0,"2":0,"3":0,"4":0,"5":0,"6":0,"7":0,"8":0,"9":0,"10":0,"11":0,"12":0,"13":0,"14":0,"15":0,"16":0,"17":0,"18":0,"19":0,"20":0,"21":0,"22":0,"23":0,"24":0,"25":0,"26":0},"f":{"0":0,"1":0,"2":0,"3":0,"4":0,"5":0,"6":0,"7":0,"8":0,"9":0,"10":0,"11":0,"12":0,"13":0,"14":0,"15":0,"16":0,"17":0,"18":0,"19":0},"b":{"0":[0,0],"1":[0,0]},"hash":"2e7a95832b11358933ea17ad5dbf6d73a3148128"}
,"/home/muniz/Documentos/Projetos/quizz/src/store/questionario/state.js": {"path":"/home/muniz/Documentos/Projetos/quizz/src/store/questionario/state.js","statementMap":{},"fnMap":{},"branchMap":{},"s":{},"f":{},"b":{},"hash":"b688c04ac49f7e01b577b2e2f7fa5958e537af3b"}
}
