TN:
SF:/home/muniz/Documentos/Projetos/quizz/src/App.vue
FN:12,created
FNF:1
FNH:0
FNDA:0,created
DA:8,0
DA:13,0
DA:14,0
LF:3
LH:0
BRF:0
BRH:0
end_of_record
TN:
SF:/home/muniz/Documentos/Projetos/quizz/src/boot/firebase.js
FNF:0
FNH:0
DA:5,0
DA:16,0
DA:17,0
LF:3
LH:0
BRF:0
BRH:0
end_of_record
TN:
SF:/home/muniz/Documentos/Projetos/quizz/src/boot/rollbar.js
FNF:0
FNH:0
LF:0
LH:0
BRF:0
BRH:0
end_of_record
TN:
SF:/home/muniz/Documentos/Projetos/quizz/src/boot/vuefire.js
FN:2,(anonymous_0)
FNF:1
FNH:0
FNDA:0,(anonymous_0)
DA:3,0
LF:1
LH:0
BRF:0
BRH:0
end_of_record
TN:
SF:/home/muniz/Documentos/Projetos/quizz/src/components/FooterQuestionario.vue
FN:58,data
FN:65,currentIndex
FN:68,qtdQuestoes
FN:71,nivel
FN:74,cronometro
FN:83,run
FN:86,changePage
FN:92,getQuestions
FN:93,(anonymous_14)
FN:99,(anonymous_15)
FNF:10
FNH:0
FNDA:0,data
FNDA:0,currentIndex
FNDA:0,qtdQuestoes
FNDA:0,nivel
FNDA:0,cronometro
FNDA:0,run
FNDA:0,changePage
FNDA:0,getQuestions
FNDA:0,(anonymous_14)
FNDA:0,(anonymous_15)
DA:54,0
DA:55,0
DA:56,0
DA:58,0
DA:66,0
DA:69,0
DA:72,0
DA:75,0
DA:84,0
DA:87,0
DA:88,0
DA:89,0
DA:92,0
DA:93,0
DA:99,0
DA:103,0
DA:104,0
LF:17
LH:0
BRDA:88,0,0,0
BRDA:88,0,1,0
BRF:2
BRH:0
end_of_record
TN:
SF:/home/muniz/Documentos/Projetos/quizz/src/components/HeaderQuestionario.vue
FN:25,goHome
FNF:1
FNH:0
FNDA:0,goHome
DA:18,0
DA:26,0
LF:2
LH:0
BRF:0
BRH:0
end_of_record
TN:
SF:/home/muniz/Documentos/Projetos/quizz/src/components/SearchMenu.vue
FN:26,data
FN:31,showing
FN:36,beforeHide
FNF:3
FNH:0
FNDA:0,data
FNDA:0,showing
FNDA:0,beforeHide
DA:26,0
DA:32,0
DA:37,0
LF:3
LH:0
BRF:0
BRH:0
end_of_record
TN:
SF:/home/muniz/Documentos/Projetos/quizz/src/components/StopWatch.vue
FN:10,_default
FN:13,data
FN:21,running
FN:30,start
FN:42,stop
FN:48,reset
FN:57,clockRunning
FN:69,zeroPrefix
FNF:8
FNH:0
FNDA:0,_default
FNDA:0,data
FNDA:0,running
FNDA:0,start
FNDA:0,stop
FNDA:0,reset
FNDA:0,clockRunning
FNDA:0,zeroPrefix
DA:10,0
DA:13,0
DA:22,0
DA:23,0
DA:24,0
DA:26,0
DA:31,0
DA:32,0
DA:35,0
DA:36,0
DA:39,0
DA:40,0
DA:43,0
DA:44,0
DA:45,0
DA:49,0
DA:50,0
DA:51,0
DA:52,0
DA:53,0
DA:54,0
DA:58,0
DA:59,0
DA:60,0
DA:61,0
DA:62,0
DA:64,0
DA:70,0
DA:71,0
DA:72,0
DA:74,0
LF:31
LH:0
BRDA:22,0,0,0
BRDA:22,0,1,0
BRDA:31,1,0,0
BRDA:31,1,1,0
BRDA:35,2,0,0
BRDA:35,2,1,0
BRF:6
BRH:0
end_of_record
TN:
SF:/home/muniz/Documentos/Projetos/quizz/src/layouts/AppFooter.vue
FN:43,data
FNF:1
FNH:0
FNDA:0,data
DA:43,0
LF:1
LH:0
BRF:0
BRH:0
end_of_record
TN:
SF:/home/muniz/Documentos/Projetos/quizz/src/layouts/AppHeader.vue
FN:53,data
FN:63,arrowIcon
FN:66,searchingIcon
FN:69,position
FN:76,toggleMenu
FN:80,toggleSearch
FNF:6
FNH:0
FNDA:0,data
FNDA:0,arrowIcon
FNDA:0,searchingIcon
FNDA:0,position
FNDA:0,toggleMenu
FNDA:0,toggleSearch
DA:49,0
DA:50,0
DA:53,0
DA:64,0
DA:67,0
DA:70,0
DA:71,0
DA:72,0
DA:77,0
DA:78,0
DA:81,0
DA:82,0
LF:12
LH:0
BRDA:64,0,0,0
BRDA:64,0,1,0
BRDA:67,1,0,0
BRDA:67,1,1,0
BRDA:70,2,0,0
BRDA:70,2,1,0
BRDA:71,3,0,0
BRDA:71,3,1,0
BRF:8
BRH:0
end_of_record
TN:
SF:/home/muniz/Documentos/Projetos/quizz/src/layouts/AppMenu.vue
FN:49,data
FN:53,showing
FN:58,beforeHide
FN:61,goMinhaConta
FNF:4
FNH:0
FNDA:0,data
FNDA:0,showing
FNDA:0,beforeHide
FNDA:0,goMinhaConta
DA:49,0
DA:54,0
DA:59,0
DA:62,0
LF:4
LH:0
BRF:0
BRH:0
end_of_record
TN:
SF:/home/muniz/Documentos/Projetos/quizz/src/layouts/Layout.vue
FN:58,questionario
FNF:1
FNH:0
FNDA:0,questionario
DA:48,0
DA:49,0
DA:50,0
DA:51,0
DA:59,0
LF:5
LH:0
BRDA:59,0,0,0
BRDA:59,0,1,0
BRF:2
BRH:0
end_of_record
TN:
SF:/home/muniz/Documentos/Projetos/quizz/src/pages/PageConfiguracao.vue
FN:55,data
FNF:1
FNH:0
FNDA:0,data
DA:55,0
LF:1
LH:0
BRF:0
BRH:0
end_of_record
TN:
SF:/home/muniz/Documentos/Projetos/quizz/src/pages/PageHistorico.vue
FN:48,data
FN:54,modulosComRespostas
FN:55,(anonymous_8)
FN:57,(anonymous_9)
FN:64,choose
FN:67,filterAcertos
FN:68,(anonymous_13)
FN:70,getPorcentagemAcertos
FNF:8
FNH:0
FNDA:0,data
FNDA:0,modulosComRespostas
FNDA:0,(anonymous_8)
FNDA:0,(anonymous_9)
FNDA:0,choose
FNDA:0,filterAcertos
FNDA:0,(anonymous_13)
FNDA:0,getPorcentagemAcertos
DA:45,0
DA:48,0
DA:54,0
DA:55,0
DA:57,0
DA:59,0
DA:65,0
DA:68,0
DA:71,0
LF:9
LH:0
BRF:0
BRH:0
end_of_record
TN:
SF:/home/muniz/Documentos/Projetos/quizz/src/pages/PageLogin.vue
FN:68,data
FN:74,saveUser
FN:77,(anonymous_8)
FN:84,(anonymous_9)
FN:91,(anonymous_10)
FNF:5
FNH:0
FNDA:0,data
FNDA:0,saveUser
FNDA:0,(anonymous_8)
FNDA:0,(anonymous_9)
FNDA:0,(anonymous_10)
DA:65,0
DA:66,0
DA:68,0
DA:74,0
DA:75,0
DA:77,0
DA:78,0
DA:79,0
DA:84,0
DA:86,0
DA:87,0
DA:88,0
DA:90,0
LF:13
LH:0
BRDA:78,0,0,0
BRDA:78,0,1,0
BRF:2
BRH:0
end_of_record
TN:
SF:/home/muniz/Documentos/Projetos/quizz/src/pages/PageMinhaConta.vue
FN:59,data
FN:67,handler
FN:75,saveUser
FN:78,(anonymous_9)
FN:82,(anonymous_10)
FN:89,(anonymous_11)
FNF:6
FNH:0
FNDA:0,data
FNDA:0,handler
FNDA:0,saveUser
FNDA:0,(anonymous_9)
FNDA:0,(anonymous_10)
FNDA:0,(anonymous_11)
DA:54,0
DA:55,0
DA:56,0
DA:59,0
DA:68,0
DA:75,0
DA:76,0
DA:78,0
DA:79,0
DA:80,0
DA:82,0
DA:86,0
DA:87,0
DA:88,0
LF:14
LH:0
BRDA:79,0,0,0
BRDA:79,0,1,0
BRF:2
BRH:0
end_of_record
TN:
SF:/home/muniz/Documentos/Projetos/quizz/src/pages/PageModulo.vue
FN:55,created
FN:58,data
FN:67,get
FN:70,set
FN:75,get
FN:78,set
FN:83,get
FN:86,set
FN:91,get
FN:94,set
FNF:10
FNH:0
FNDA:0,created
FNDA:0,data
FNDA:0,get
FNDA:0,set
FNDA:0,get
FNDA:0,set
FNDA:0,get
FNDA:0,set
FNDA:0,get
FNDA:0,set
DA:53,0
DA:56,0
DA:58,0
DA:68,0
DA:71,0
DA:76,0
DA:79,0
DA:84,0
DA:87,0
DA:92,0
DA:95,0
LF:11
LH:0
BRF:0
BRH:0
end_of_record
TN:
SF:/home/muniz/Documentos/Projetos/quizz/src/pages/PageModulos.vue
FN:65,modulosMilitar
FN:66,(anonymous_7)
FN:68,modulosSVA
FN:69,(anonymous_9)
FN:78,choose
FNF:5
FNH:0
FNDA:0,modulosMilitar
FNDA:0,(anonymous_7)
FNDA:0,modulosSVA
FNDA:0,(anonymous_9)
FNDA:0,choose
DA:59,0
DA:60,0
DA:66,0
DA:69,0
DA:79,0
LF:5
LH:0
BRF:0
BRH:0
end_of_record
TN:
SF:/home/muniz/Documentos/Projetos/quizz/src/pages/PageQuestionario.vue
FN:129,data
FN:135,created
FN:140,showButtonAnalisar
FN:143,algumaRespostaSelecionada
FN:144,(anonymous_10)
FN:146,answer
FN:147,(anonymous_12)
FN:151,getCurrentQuestionId
FN:159,syncronize
FN:163,(anonymous_15)
FN:170,back
FN:174,next
FN:178,toggleChoice
FN:182,analisar
FN:185,(anonymous_20)
FN:191,getButtonColor
FN:200,getOutline
FNF:17
FNH:0
FNDA:0,data
FNDA:0,created
FNDA:0,showButtonAnalisar
FNDA:0,algumaRespostaSelecionada
FNDA:0,(anonymous_10)
FNDA:0,answer
FNDA:0,(anonymous_12)
FNDA:0,getCurrentQuestionId
FNDA:0,syncronize
FNDA:0,(anonymous_15)
FNDA:0,back
FNDA:0,next
FNDA:0,toggleChoice
FNDA:0,analisar
FNDA:0,(anonymous_20)
FNDA:0,getButtonColor
FNDA:0,getOutline
DA:127,0
DA:129,0
DA:136,0
DA:141,0
DA:144,0
DA:146,0
DA:147,0
DA:152,0
DA:153,0
DA:154,0
DA:159,0
DA:160,0
DA:162,0
DA:163,0
DA:164,0
DA:165,0
DA:166,0
DA:171,0
DA:172,0
DA:175,0
DA:176,0
DA:179,0
DA:180,0
DA:183,0
DA:184,0
DA:185,0
DA:187,0
DA:192,0
DA:193,0
DA:195,0
DA:196,0
DA:198,0
DA:201,0
DA:202,0
DA:204,0
DA:205,0
DA:207,0
LF:37
LH:0
BRDA:141,0,0,0
BRDA:141,0,1,0
BRDA:160,1,0,0
BRDA:160,1,1,0
BRDA:164,2,0,0
BRDA:164,2,1,0
BRDA:188,3,0,0
BRDA:188,3,1,0
BRDA:192,4,0,0
BRDA:192,4,1,0
BRDA:192,5,0,0
BRDA:192,5,1,0
BRDA:195,6,0,0
BRDA:195,6,1,0
BRDA:195,7,0,0
BRDA:195,7,1,0
BRDA:195,7,2,0
BRDA:201,8,0,0
BRDA:201,8,1,0
BRDA:201,9,0,0
BRDA:201,9,1,0
BRDA:204,10,0,0
BRDA:204,10,1,0
BRF:23
BRH:0
end_of_record
TN:
SF:/home/muniz/Documentos/Projetos/quizz/src/router/index.js
FN:9,(anonymous_0)
FN:11,(anonymous_1)
FN:21,(anonymous_2)
FNF:3
FNH:0
FNDA:0,(anonymous_0)
FNDA:0,(anonymous_1)
FNDA:0,(anonymous_2)
DA:7,0
DA:10,0
DA:11,0
DA:21,0
DA:22,0
DA:23,0
DA:24,0
DA:25,0
DA:26,0
DA:27,0
DA:28,0
DA:29,0
DA:30,0
DA:31,0
DA:32,0
DA:33,0
DA:37,0
LF:17
LH:0
BRDA:24,0,0,0
BRDA:24,0,1,0
BRDA:24,1,0,0
BRDA:24,1,1,0
BRDA:27,2,0,0
BRDA:27,2,1,0
BRDA:30,3,0,0
BRDA:30,3,1,0
BRDA:30,4,0,0
BRDA:30,4,1,0
BRDA:32,5,0,0
BRDA:32,5,1,0
BRF:12
BRH:0
end_of_record
TN:
SF:/home/muniz/Documentos/Projetos/quizz/src/router/routes.js
FN:5,(anonymous_0)
FN:7,(anonymous_1)
FN:8,(anonymous_2)
FN:9,(anonymous_3)
FN:10,(anonymous_4)
FN:11,(anonymous_5)
FN:12,(anonymous_6)
FN:17,(anonymous_7)
FN:19,(anonymous_8)
FN:29,(anonymous_9)
FNF:10
FNH:0
FNDA:0,(anonymous_0)
FNDA:0,(anonymous_1)
FNDA:0,(anonymous_2)
FNDA:0,(anonymous_3)
FNDA:0,(anonymous_4)
FNDA:0,(anonymous_5)
FNDA:0,(anonymous_6)
FNDA:0,(anonymous_7)
FNDA:0,(anonymous_8)
FNDA:0,(anonymous_9)
DA:2,0
DA:5,0
DA:7,0
DA:8,0
DA:9,0
DA:10,0
DA:11,0
DA:12,0
DA:17,0
DA:19,0
DA:26,0
DA:27,0
DA:29,0
LF:13
LH:0
BRDA:26,0,0,0
BRDA:26,0,1,0
BRF:2
BRH:0
end_of_record
TN:
SF:/home/muniz/Documentos/Projetos/quizz/src/store/index.js
FN:9,(anonymous_0)
FNF:1
FNH:0
FNDA:0,(anonymous_0)
DA:7,0
DA:10,0
DA:18,0
LF:3
LH:0
BRF:0
BRH:0
end_of_record
TN:
SF:/home/muniz/Documentos/Projetos/quizz/src/store/global/actions.js
FN:1,someAction
FNF:1
FNH:0
FNDA:0,someAction
LF:0
LH:0
BRF:0
BRH:0
end_of_record
TN:
SF:/home/muniz/Documentos/Projetos/quizz/src/store/global/getters.js
FN:1,getUsuario
FN:4,getModulos
FNF:2
FNH:0
FNDA:0,getUsuario
FNDA:0,getModulos
DA:2,0
DA:5,0
LF:2
LH:0
BRF:0
BRH:0
end_of_record
TN:
SF:/home/muniz/Documentos/Projetos/quizz/src/store/global/index.js
FN:16,(anonymous_0)
FN:19,(anonymous_1)
FN:20,(anonymous_2)
FNF:3
FNH:0
FNDA:0,(anonymous_0)
FNDA:0,(anonymous_1)
FNDA:0,(anonymous_2)
DA:17,0
DA:20,0
LF:2
LH:0
BRDA:20,0,0,0
BRDA:20,0,1,0
BRF:2
BRH:0
end_of_record
TN:
SF:/home/muniz/Documentos/Projetos/quizz/src/store/global/mutations.js
FN:1,setUsuario
FN:4,setModulos
FNF:2
FNH:0
FNDA:0,setUsuario
FNDA:0,setModulos
DA:2,0
DA:5,0
LF:2
LH:0
BRF:0
BRH:0
end_of_record
TN:
SF:/home/muniz/Documentos/Projetos/quizz/src/store/global/state.js
FNF:0
FNH:0
LF:0
LH:0
BRF:0
BRH:0
end_of_record
TN:
SF:/home/muniz/Documentos/Projetos/quizz/src/store/questionario/actions.js
FN:1,someAction
FNF:1
FNH:0
FNDA:0,someAction
LF:0
LH:0
BRF:0
BRH:0
end_of_record
TN:
SF:/home/muniz/Documentos/Projetos/quizz/src/store/questionario/getters.js
FN:1,getCurrentQuestion
FN:5,getCurrentQuestionIndex
FN:8,getAnswers
FN:11,getChoosedQuestionary
FN:14,getConfigQuestionary
FN:17,ehUltimaQuestao
FN:20,ehPrimeiraQuestao
FNF:7
FNH:0
FNDA:0,getCurrentQuestion
FNDA:0,getCurrentQuestionIndex
FNDA:0,getAnswers
FNDA:0,getChoosedQuestionary
FNDA:0,getConfigQuestionary
FNDA:0,ehUltimaQuestao
FNDA:0,ehPrimeiraQuestao
DA:2,0
DA:3,0
DA:6,0
DA:9,0
DA:12,0
DA:15,0
DA:18,0
DA:21,0
LF:8
LH:0
BRDA:2,0,0,0
BRDA:2,0,1,0
BRF:2
BRH:0
end_of_record
TN:
SF:/home/muniz/Documentos/Projetos/quizz/src/store/questionario/index.js
FN:15,(anonymous_0)
FNF:1
FNH:0
FNDA:0,(anonymous_0)
DA:16,0
LF:1
LH:0
BRF:0
BRH:0
end_of_record
TN:
SF:/home/muniz/Documentos/Projetos/quizz/src/store/questionario/mutations.js
FN:3,nextQuestion
FN:8,backQuestion
FN:13,setChoosedQuestionary
FN:16,setQuestions
FN:17,(anonymous_4)
FN:18,(anonymous_5)
FN:24,updateCurrentQuestionChoice
FN:27,resetChoices
FN:28,(anonymous_8)
FN:32,updateCronometro
FN:35,updateCorrecaoFinal
FN:38,updateQtdQuestoes
FN:41,updateNivel
FN:44,setAnswers
FN:47,updateAnswer
FN:51,(anonymous_15)
FN:53,(anonymous_16)
FN:57,resetState
FN:65,(anonymous_18)
FN:66,(anonymous_19)
FNF:20
FNH:0
FNDA:0,nextQuestion
FNDA:0,backQuestion
FNDA:0,setChoosedQuestionary
FNDA:0,setQuestions
FNDA:0,(anonymous_4)
FNDA:0,(anonymous_5)
FNDA:0,updateCurrentQuestionChoice
FNDA:0,resetChoices
FNDA:0,(anonymous_8)
FNDA:0,updateCronometro
FNDA:0,updateCorrecaoFinal
FNDA:0,updateQtdQuestoes
FNDA:0,updateNivel
FNDA:0,setAnswers
FNDA:0,updateAnswer
FNDA:0,(anonymous_15)
FNDA:0,(anonymous_16)
FNDA:0,resetState
FNDA:0,(anonymous_18)
FNDA:0,(anonymous_19)
DA:4,0
DA:6,0
DA:9,0
DA:11,0
DA:14,0
DA:17,0
DA:18,0
DA:19,0
DA:22,0
DA:25,0
DA:28,0
DA:29,0
DA:33,0
DA:36,0
DA:39,0
DA:42,0
DA:45,0
DA:48,0
DA:49,0
DA:50,0
DA:58,0
DA:59,0
DA:65,0
DA:66,0
DA:67,0
LF:25
LH:0
BRDA:4,0,0,0
BRDA:4,0,1,0
BRDA:9,1,0,0
BRDA:9,1,1,0
BRF:4
BRH:0
end_of_record
TN:
SF:/home/muniz/Documentos/Projetos/quizz/src/store/questionario/state.js
FNF:0
FNH:0
LF:0
LH:0
BRF:0
BRH:0
end_of_record
